app/build/outputs/apk/manifest-merger-debug-report.txt
-- Merging decision tree log ---
manifest
ADDED from AndroidManifest.xml:1:1
	xmlns:android
		ADDED from AndroidManifest.xml:1:11
	package
		ADDED from AndroidManifest.xml:2:5
		INJECTED from AndroidManifest.xml:0:0
		INJECTED from AndroidManifest.xml:0:0
	android:versionName
		ADDED from AndroidManifest.xml:4:5
	android:versionCode
		ADDED from AndroidManifest.xml:3:5
		INJECTED from AndroidManifest.xml:0:0
		INJECTED from AndroidManifest.xml:0:0
uses-sdk
ADDED from AndroidManifest.xml:6:5
MERGED from com.android.support:support-v4:21.0.3:15:5
MERGED from com.google.android.gms:play-services:6.5.87:18:5
MERGED from com.android.support:support-v4:21.0.3:15:5
	android:targetSdkVersion
		ADDED from AndroidManifest.xml:8:9
		INJECTED from AndroidManifest.xml:0:0
		INJECTED from AndroidManifest.xml:0:0
	android:minSdkVersion
		ADDED from AndroidManifest.xml:7:9
		INJECTED from AndroidManifest.xml:0:0
		INJECTED from AndroidManifest.xml:0:0
uses-permission#android.permission.INTERNET
ADDED from AndroidManifest.xml:10:5
	android:name
		ADDED from AndroidManifest.xml:10:22
uses-permission#android.permission.ACCESS_NETWORK_STATE
ADDED from AndroidManifest.xml:11:5
	android:name
		ADDED from AndroidManifest.xml:11:22
uses-permission#android.permission.CHANGE_NETWORK_STATE
ADDED from AndroidManifest.xml:12:5
	android:name
		ADDED from AndroidManifest.xml:12:22
uses-permission#android.permission.CHANGE_WIFI_STATE
ADDED from AndroidManifest.xml:13:5
	android:name
		ADDED from AndroidManifest.xml:13:22
uses-permission#android.permission.ACCESS_WIFI_STATE
ADDED from AndroidManifest.xml:14:5
	android:name
		ADDED from AndroidManifest.xml:14:22
uses-permission#android.permission.GET_TASKS
ADDED from AndroidManifest.xml:15:5
	android:name
		ADDED from AndroidManifest.xml:15:22
application
ADDED from AndroidManifest.xml:17:5
MERGED from com.android.support:support-v4:21.0.3:16:5
MERGED from com.google.android.gms:play-services:6.5.87:20:5
MERGED from com.android.support:support-v4:21.0.3:16:5
	android:label
		ADDED from AndroidManifest.xml:20:9
	android:allowBackup
		ADDED from AndroidManifest.xml:18:9
	android:icon
		ADDED from AndroidManifest.xml:19:9
	android:theme
		ADDED from AndroidManifest.xml:21:9
activity#com.haloappstudio.lastseenhider.Hider
ADDED from AndroidManifest.xml:22:9
	android:label
		ADDED from AndroidManifest.xml:24:13
	android:name
		ADDED from AndroidManifest.xml:23:13
intent-filter#android.intent.action.MAIN+android.intent.category.LAUNCHER
ADDED from AndroidManifest.xml:25:13
action#android.intent.action.MAIN
ADDED from AndroidManifest.xml:26:17
	android:name
		ADDED from AndroidManifest.xml:26:25
category#android.intent.category.LAUNCHER
ADDED from AndroidManifest.xml:28:17
	android:name
		ADDED from AndroidManifest.xml:28:27
meta-data#com.google.android.gms.version
ADDED from AndroidManifest.xml:32:9
MERGED from com.google.android.gms:play-services:6.5.87:21:9
	android:name
		ADDED from AndroidManifest.xml:33:13
	android:value
		ADDED from AndroidManifest.xml:34:13
activity#com.google.android.gms.ads.AdActivity
ADDED from AndroidManifest.xml:36:9
	android:configChanges
		ADDED from AndroidManifest.xml:38:13
	android:name
		ADDED from AndroidManifest.xml:37:13
service#com.haloappstudio.lastseenhider.LastSeenService
ADDED from AndroidManifest.xml:40:9
	android:name
		ADDED from AndroidManifest.xml:40:18